<?xml version="1.0" encoding="UTF-8"?>
<!-- Generated by org.testng.reporters.JUnitXMLReporter -->
<testsuite hostname="shhinduj-p51" ignored="0" name="Default test" tests="20" failures="0" timestamp="28 Mar 2019 09:53:39 GMT" time="0.096" errors="0">
  <testcase name="@BeforeTest setBrowser" time="0.0" classname="org.tibco.automation.shared.utilities.InitBrowser">
    <failure type="org.testng.TestNGException" message="
Parameter &amp;apos;browserType&amp;apos; is required by BeforeTest on method setBrowser but has not been marked @Optional or defined
in C:\Users\shhinduj\AppData\Local\Temp\testng-eclipse-577989905\testng-customsuite.xml">
      <![CDATA[org.testng.TestNGException: Parameter 'browserType' is required by BeforeTest on method setBrowser but has not been marked @Optional or definedin C:\Users\shhinduj\AppData\Local\Temp\testng-eclipse-577989905\testng-customsuite.xmlat org.testng.internal.Parameters.createParams(Parameters.java:290)at org.testng.internal.Parameters.createParametersForMethod(Parameters.java:359)at org.testng.internal.Parameters.createParameters(Parameters.java:620)at org.testng.internal.Parameters.createConfigurationParameters(Parameters.java:190)at org.testng.internal.Invoker.invokeConfigurations(Invoker.java:209)at org.testng.internal.Invoker.invokeConfigurations(Invoker.java:142)at org.testng.TestRunner.beforeRun(TestRunner.java:529)at org.testng.TestRunner.run(TestRunner.java:497)at org.testng.SuiteRunner.runTest(SuiteRunner.java:455)at org.testng.SuiteRunner.runSequentially(SuiteRunner.java:450)at org.testng.SuiteRunner.privateRun(SuiteRunner.java:415)at org.testng.SuiteRunner.run(SuiteRunner.java:364)at org.testng.SuiteRunnerWorker.runSuite(SuiteRunnerWorker.java:52)at org.testng.SuiteRunnerWorker.run(SuiteRunnerWorker.java:84)at org.testng.TestNG.runSuitesSequentially(TestNG.java:1187)at org.testng.TestNG.runSuitesLocally(TestNG.java:1116)at org.testng.TestNG.runSuites(TestNG.java:1028)at org.testng.TestNG.run(TestNG.java:996)at org.testng.remote.AbstractRemoteTestNG.run(AbstractRemoteTestNG.java:114)at org.testng.remote.RemoteTestNG.initAndRun(RemoteTestNG.java:251)at org.testng.remote.RemoteTestNG.main(RemoteTestNG.java:77)]]>
    </failure>
  </testcase> <!-- @BeforeTest setBrowser -->
  <testcase name="@BeforeClass setup" time="0.0" classname="org.tibco.automation.common.testcases.Creators_Tests">
    <skipped/>
  </testcase> <!-- @BeforeClass setup -->
  <testcase name="@AfterMethod setTestResult" time="0.0" classname="org.tibco.automation.shared.utilities.InitBrowser">
    <skipped/>
  </testcase> <!-- @AfterMethod setTestResult -->
  <testcase name="@AfterMethod setTestResult" time="0.0" classname="org.tibco.automation.shared.utilities.InitBrowser">
    <skipped/>
  </testcase> <!-- @AfterMethod setTestResult -->
  <testcase name="@AfterMethod setTestResult" time="0.0" classname="org.tibco.automation.shared.utilities.InitBrowser">
    <skipped/>
  </testcase> <!-- @AfterMethod setTestResult -->
  <testcase name="@AfterMethod setTestResult" time="0.0" classname="org.tibco.automation.shared.utilities.InitBrowser">
    <skipped/>
  </testcase> <!-- @AfterMethod setTestResult -->
  <testcase name="@AfterMethod setTestResult" time="0.0" classname="org.tibco.automation.shared.utilities.InitBrowser">
    <skipped/>
  </testcase> <!-- @AfterMethod setTestResult -->
  <testcase name="@AfterMethod setTestResult" time="0.0" classname="org.tibco.automation.shared.utilities.InitBrowser">
    <skipped/>
  </testcase> <!-- @AfterMethod setTestResult -->
  <testcase name="@AfterMethod setTestResult" time="0.0" classname="org.tibco.automation.shared.utilities.InitBrowser">
    <skipped/>
  </testcase> <!-- @AfterMethod setTestResult -->
  <testcase name="@AfterMethod setTestResult" time="0.0" classname="org.tibco.automation.shared.utilities.InitBrowser">
    <skipped/>
  </testcase> <!-- @AfterMethod setTestResult -->
  <testcase name="@AfterMethod setTestResult" time="0.0" classname="org.tibco.automation.shared.utilities.InitBrowser">
    <skipped/>
  </testcase> <!-- @AfterMethod setTestResult -->
  <testcase name="@AfterMethod setTestResult" time="0.0" classname="org.tibco.automation.shared.utilities.InitBrowser">
    <skipped/>
  </testcase> <!-- @AfterMethod setTestResult -->
  <testcase name="@AfterMethod setTestResult" time="0.0" classname="org.tibco.automation.shared.utilities.InitBrowser">
    <skipped/>
  </testcase> <!-- @AfterMethod setTestResult -->
  <testcase name="@AfterMethod setTestResult" time="0.0" classname="org.tibco.automation.shared.utilities.InitBrowser">
    <skipped/>
  </testcase> <!-- @AfterMethod setTestResult -->
  <testcase name="@AfterMethod setTestResult" time="0.0" classname="org.tibco.automation.shared.utilities.InitBrowser">
    <skipped/>
  </testcase> <!-- @AfterMethod setTestResult -->
  <testcase name="@AfterMethod setTestResult" time="0.0" classname="org.tibco.automation.shared.utilities.InitBrowser">
    <skipped/>
  </testcase> <!-- @AfterMethod setTestResult -->
  <testcase name="@AfterMethod setTestResult" time="0.0" classname="org.tibco.automation.shared.utilities.InitBrowser">
    <skipped/>
  </testcase> <!-- @AfterMethod setTestResult -->
  <testcase name="@AfterMethod setTestResult" time="0.0" classname="org.tibco.automation.shared.utilities.InitBrowser">
    <skipped/>
  </testcase> <!-- @AfterMethod setTestResult -->
  <testcase name="@AfterMethod setTestResult" time="0.0" classname="org.tibco.automation.shared.utilities.InitBrowser">
    <skipped/>
  </testcase> <!-- @AfterMethod setTestResult -->
  <testcase name="@AfterMethod setTestResult" time="0.0" classname="org.tibco.automation.shared.utilities.InitBrowser">
    <skipped/>
  </testcase> <!-- @AfterMethod setTestResult -->
  <testcase name="@AfterMethod setTestResult" time="0.0" classname="org.tibco.automation.shared.utilities.InitBrowser">
    <skipped/>
  </testcase> <!-- @AfterMethod setTestResult -->
  <testcase name="@AfterMethod setTestResult" time="0.0" classname="org.tibco.automation.shared.utilities.InitBrowser">
    <skipped/>
  </testcase> <!-- @AfterMethod setTestResult -->
  <testcase name="@AfterClass exit" time="0.0" classname="org.tibco.automation.shared.utilities.InitBrowser">
    <skipped/>
  </testcase> <!-- @AfterClass exit -->
  <testcase name="tc_51" time="0.0" classname="org.tibco.automation.common.testcases.Creators_Tests">
    <skipped/>
  </testcase> <!-- tc_51 -->
  <testcase name="tc_51" time="0.0" classname="org.tibco.automation.common.testcases.Creators_Tests">
    <skipped/>
  </testcase> <!-- tc_51 -->
  <testcase name="tc_51" time="0.0" classname="org.tibco.automation.common.testcases.Creators_Tests">
    <skipped/>
  </testcase> <!-- tc_51 -->
  <testcase name="tc_51" time="0.0" classname="org.tibco.automation.common.testcases.Creators_Tests">
    <skipped/>
  </testcase> <!-- tc_51 -->
  <testcase name="tc_51" time="0.0" classname="org.tibco.automation.common.testcases.Creators_Tests">
    <skipped/>
  </testcase> <!-- tc_51 -->
  <testcase name="tc_51" time="0.0" classname="org.tibco.automation.common.testcases.Creators_Tests">
    <skipped/>
  </testcase> <!-- tc_51 -->
  <testcase name="tc_51" time="0.0" classname="org.tibco.automation.common.testcases.Creators_Tests">
    <skipped/>
  </testcase> <!-- tc_51 -->
  <testcase name="tc_51" time="0.0" classname="org.tibco.automation.common.testcases.Creators_Tests">
    <skipped/>
  </testcase> <!-- tc_51 -->
  <testcase name="tc_51" time="0.0" classname="org.tibco.automation.common.testcases.Creators_Tests">
    <skipped/>
  </testcase> <!-- tc_51 -->
  <testcase name="tc_51" time="0.0" classname="org.tibco.automation.common.testcases.Creators_Tests">
    <skipped/>
  </testcase> <!-- tc_51 -->
  <testcase name="tc_51" time="0.0" classname="org.tibco.automation.common.testcases.Creators_Tests">
    <skipped/>
  </testcase> <!-- tc_51 -->
  <testcase name="tc_51" time="0.0" classname="org.tibco.automation.common.testcases.Creators_Tests">
    <skipped/>
  </testcase> <!-- tc_51 -->
  <testcase name="tc_51" time="0.0" classname="org.tibco.automation.common.testcases.Creators_Tests">
    <skipped/>
  </testcase> <!-- tc_51 -->
  <testcase name="tc_51" time="0.0" classname="org.tibco.automation.common.testcases.Creators_Tests">
    <skipped/>
  </testcase> <!-- tc_51 -->
  <testcase name="tc_51" time="0.0" classname="org.tibco.automation.common.testcases.Creators_Tests">
    <skipped/>
  </testcase> <!-- tc_51 -->
  <testcase name="tc_51" time="0.0" classname="org.tibco.automation.common.testcases.Creators_Tests">
    <skipped/>
  </testcase> <!-- tc_51 -->
  <testcase name="tc_51" time="0.0" classname="org.tibco.automation.common.testcases.Creators_Tests">
    <skipped/>
  </testcase> <!-- tc_51 -->
  <testcase name="tc_51" time="0.0" classname="org.tibco.automation.common.testcases.Creators_Tests">
    <skipped/>
  </testcase> <!-- tc_51 -->
  <testcase name="tc_51" time="0.0" classname="org.tibco.automation.common.testcases.Creators_Tests">
    <skipped/>
  </testcase> <!-- tc_51 -->
  <testcase name="tc_51" time="0.0" classname="org.tibco.automation.common.testcases.Creators_Tests">
    <skipped/>
  </testcase> <!-- tc_51 -->
</testsuite> <!-- Default test -->
