<html>
<head>
<title>TestNG:  TeamMember</title>
<link href="../testng.css" rel="stylesheet" type="text/css" />
<link href="../my-testng.css" rel="stylesheet" type="text/css" />

<style type="text/css">
.log { display: none;} 
.stack-trace { display: none;} 
</style>
<script type="text/javascript">
<!--
function flip(e) {
  current = e.style.display;
  if (current == 'block') {
    e.style.display = 'none';
    return 0;
  }
  else {
    e.style.display = 'block';
    return 1;
  }
}

function toggleBox(szDivId, elem, msg1, msg2)
{
  var res = -1;  if (document.getElementById) {
    res = flip(document.getElementById(szDivId));
  }
  else if (document.all) {
    // this is the way old msie versions work
    res = flip(document.all[szDivId]);
  }
  if(elem) {
    if(res == 0) elem.innerHTML = msg1; else elem.innerHTML = msg2;
  }

}

function toggleAllBoxes() {
  if (document.getElementsByTagName) {
    d = document.getElementsByTagName('div');
    for (i = 0; i < d.length; i++) {
      if (d[i].className == 'log') {
        flip(d[i]);
      }
    }
  }
}

// -->
</script>

</head>
<body>
<h2 align='center'>TeamMember</h2><table border='1' align="center">
<tr>
<td>Tests passed/Failed/Skipped:</td><td>14/1/0</td>
</tr><tr>
<td>Started on:</td><td>Wed Apr 17 15:04:04 IST 2019</td>
</tr>
<tr><td>Total time:</td><td>104 seconds (104109 ms)</td>
</tr><tr>
<td>Included groups:</td><td></td>
</tr><tr>
<td>Excluded groups:</td><td></td>
</tr>
</table><p/>
<small><i>(Hover the method name to see the test class name)</i></small><p/>
<table width='100%' border='1' class='invocation-failed'>
<tr><td colspan='4' align='center'><b>FAILED TESTS</b></td></tr>
<tr><td><b>Test method</b></td>
<td width="30%"><b>Exception</b></td>
<td width="10%"><b>Time (seconds)</b></td>
<td><b>Instance</b></td>
</tr>
<tr>
<td title='org.tibco.automation.common.testcases.Team_Members_Tests.ta_34()'><b>ta_34</b><br>Test class: org.tibco.automation.common.testcases.Team_Members_Tests<br>Parameters: https://account.tenant-integration.tcie.pro/manage/team/organization%page=1</td>
<td><div><pre>java.lang.AssertionError: URL Manipulation Found
	at org.tibco.automation.common.testcases.Team_Members_Tests.ta_34(Team_Members_Tests.java:106)
... Removed 26 stack frames</pre></div><a href='#' onClick='toggleBox("stack-trace9844218", this, "Click to show all stack frames", "Click to hide stack frames")'>Click to show all stack frames</a>
<div class='stack-trace' id='stack-trace9844218'><pre>java.lang.AssertionError: URL Manipulation Found
	at org.testng.Assert.fail(Assert.java:96)
	at org.tibco.automation.common.testcases.Team_Members_Tests.ta_34(Team_Members_Tests.java:106)
	at sun.reflect.NativeMethodAccessorImpl.invoke0(Native Method)
	at sun.reflect.NativeMethodAccessorImpl.invoke(Unknown Source)
	at sun.reflect.DelegatingMethodAccessorImpl.invoke(Unknown Source)
	at java.lang.reflect.Method.invoke(Unknown Source)
	at org.testng.internal.MethodInvocationHelper.invokeMethod(MethodInvocationHelper.java:124)
	at org.testng.internal.Invoker.invokeMethod(Invoker.java:571)
	at org.testng.internal.Invoker.invokeTestMethod(Invoker.java:707)
	at org.testng.internal.Invoker.invokeTestMethods(Invoker.java:979)
	at org.testng.internal.TestMethodWorker.invokeTestMethods(TestMethodWorker.java:125)
	at org.testng.internal.TestMethodWorker.run(TestMethodWorker.java:109)
	at org.testng.TestRunner.privateRun(TestRunner.java:648)
	at org.testng.TestRunner.run(TestRunner.java:505)
	at org.testng.SuiteRunner.runTest(SuiteRunner.java:455)
	at org.testng.SuiteRunner.runSequentially(SuiteRunner.java:450)
	at org.testng.SuiteRunner.privateRun(SuiteRunner.java:415)
	at org.testng.SuiteRunner.run(SuiteRunner.java:364)
	at org.testng.SuiteRunnerWorker.runSuite(SuiteRunnerWorker.java:52)
	at org.testng.SuiteRunnerWorker.run(SuiteRunnerWorker.java:84)
	at org.testng.TestNG.runSuitesSequentially(TestNG.java:1187)
	at org.testng.TestNG.runSuitesLocally(TestNG.java:1116)
	at org.testng.TestNG.runSuites(TestNG.java:1028)
	at org.testng.TestNG.run(TestNG.java:996)
	at org.testng.remote.AbstractRemoteTestNG.run(AbstractRemoteTestNG.java:114)
	at org.testng.remote.RemoteTestNG.initAndRun(RemoteTestNG.java:251)
	at org.testng.remote.RemoteTestNG.main(RemoteTestNG.java:77)
</pre></div></td>
<td>13</td>
<td>org.tibco.automation.common.testcases.Team_Members_Tests@3cef309d</td></tr>
</table><p>
<table width='100%' border='1' class='invocation-passed'>
<tr><td colspan='4' align='center'><b>PASSED TESTS</b></td></tr>
<tr><td><b>Test method</b></td>
<td width="30%"><b>Exception</b></td>
<td width="10%"><b>Time (seconds)</b></td>
<td><b>Instance</b></td>
</tr>
<tr>
<td title='org.tibco.automation.common.testcases.Team_Members_Tests.ta_31()'><b>ta_31</b><br>Test class: org.tibco.automation.common.testcases.Team_Members_Tests<br>Parameters: <script>alert(789);</script></td>
<td></td>
<td>36</td>
<td>org.tibco.automation.common.testcases.Team_Members_Tests@3cef309d</td></tr>
<tr>
<td title='org.tibco.automation.common.testcases.Team_Members_Tests.ta_31()'><b>ta_31</b><br>Test class: org.tibco.automation.common.testcases.Team_Members_Tests<br>Parameters: <ScRipT>alert("XSS");</ScRipT></td>
<td></td>
<td>2</td>
<td>org.tibco.automation.common.testcases.Team_Members_Tests@3cef309d</td></tr>
<tr>
<td title='org.tibco.automation.common.testcases.Team_Members_Tests.ta_31()'><b>ta_31</b><br>Test class: org.tibco.automation.common.testcases.Team_Members_Tests<br>Parameters: "><script>alert("XSS")</script></td>
<td></td>
<td>2</td>
<td>org.tibco.automation.common.testcases.Team_Members_Tests@3cef309d</td></tr>
<tr>
<td title='org.tibco.automation.common.testcases.Team_Members_Tests.ta_32()'><b>ta_32</b><br>Test class: org.tibco.automation.common.testcases.Team_Members_Tests<br>Parameters: <script>alert(789);</script></td>
<td></td>
<td>7</td>
<td>org.tibco.automation.common.testcases.Team_Members_Tests@3cef309d</td></tr>
<tr>
<td title='org.tibco.automation.common.testcases.Team_Members_Tests.ta_32()'><b>ta_32</b><br>Test class: org.tibco.automation.common.testcases.Team_Members_Tests<br>Parameters: <ScRipT>alert("XSS");</ScRipT></td>
<td></td>
<td>3</td>
<td>org.tibco.automation.common.testcases.Team_Members_Tests@3cef309d</td></tr>
<tr>
<td title='org.tibco.automation.common.testcases.Team_Members_Tests.ta_32()'><b>ta_32</b><br>Test class: org.tibco.automation.common.testcases.Team_Members_Tests<br>Parameters: "><script>alert("XSS")</script></td>
<td></td>
<td>3</td>
<td>org.tibco.automation.common.testcases.Team_Members_Tests@3cef309d</td></tr>
<tr>
<td title='org.tibco.automation.common.testcases.Team_Members_Tests.ta_33()'><b>ta_33</b><br>Test class: org.tibco.automation.common.testcases.Team_Members_Tests<br>Parameters: https://account.tenant-integration.tcie.pro/manage/team/organization?page=1</td>
<td></td>
<td>4</td>
<td>org.tibco.automation.common.testcases.Team_Members_Tests@3cef309d</td></tr>
<tr>
<td title='org.tibco.automation.common.testcases.Team_Members_Tests.ta_33()'><b>ta_33</b><br>Test class: org.tibco.automation.common.testcases.Team_Members_Tests<br>Parameters: https://account.tenant-integration.tcie.pro/manage/team/organization?page=%E2%80%9D</td>
<td></td>
<td>2</td>
<td>org.tibco.automation.common.testcases.Team_Members_Tests@3cef309d</td></tr>
<tr>
<td title='org.tibco.automation.common.testcases.Team_Members_Tests.ta_33()'><b>ta_33</b><br>Test class: org.tibco.automation.common.testcases.Team_Members_Tests<br>Parameters: https://account.tenant-integration.tcie.pro/manage/team/organization?page=SELECT%20name%20FROM%20users</td>
<td></td>
<td>3</td>
<td>org.tibco.automation.common.testcases.Team_Members_Tests@3cef309d</td></tr>
<tr>
<td title='org.tibco.automation.common.testcases.Team_Members_Tests.ta_33()'><b>ta_33</b><br>Test class: org.tibco.automation.common.testcases.Team_Members_Tests<br>Parameters: https://account.tenant-integration.tcie.pro/manage/team/organization?page=%E2%80%991</td>
<td></td>
<td>3</td>
<td>org.tibco.automation.common.testcases.Team_Members_Tests@3cef309d</td></tr>
<tr>
<td title='org.tibco.automation.common.testcases.Team_Members_Tests.ta_33()'><b>ta_33</b><br>Test class: org.tibco.automation.common.testcases.Team_Members_Tests<br>Parameters: https://account.tenant-integration.tcie.pro/manage/team/organization?page=1 ORDER BY 1</td>
<td></td>
<td>3</td>
<td>org.tibco.automation.common.testcases.Team_Members_Tests@3cef309d</td></tr>
<tr>
<td title='org.tibco.automation.common.testcases.Team_Members_Tests.ta_33()'><b>ta_33</b><br>Test class: org.tibco.automation.common.testcases.Team_Members_Tests<br>Parameters: https://account.tenant-integration.tcie.pro/manage/team/organization?page=1 UNION ALL SELECT *, NULL, NULL FROM email</td>
<td></td>
<td>3</td>
<td>org.tibco.automation.common.testcases.Team_Members_Tests@3cef309d</td></tr>
<tr>
<td title='org.tibco.automation.common.testcases.Team_Members_Tests.ta_34()'><b>ta_34</b><br>Test class: org.tibco.automation.common.testcases.Team_Members_Tests<br>Parameters: https://account.tenant-integration.tcie.pro/manage/team/organization@page=1</td>
<td></td>
<td>2</td>
<td>org.tibco.automation.common.testcases.Team_Members_Tests@3cef309d</td></tr>
<tr>
<td title='org.tibco.automation.common.testcases.Team_Members_Tests.ta_34()'><b>ta_34</b><br>Test class: org.tibco.automation.common.testcases.Team_Members_Tests<br>Parameters: https://account.tenant-integration.tcie.pro/manage/team/organization?page=%E2%80%9D/%3E&lt;script%3Ealert(1)&lt;/script&gt%E2%80%9D/%3E</td>
<td></td>
<td>2</td>
<td>org.tibco.automation.common.testcases.Team_Members_Tests@3cef309d</td></tr>
</table><p>
</body>
</html>