<?xml version="1.0" encoding="UTF-8"?>
<!-- Generated by org.testng.reporters.JUnitXMLReporter -->
<testsuite hostname="shhinduj-p51" ignored="0" name="tci1" tests="15" failures="1" timestamp="02 Apr 2019 09:57:54 GMT" time="80.629" errors="0">
  <testcase name="ta_31" time="20.393" classname="org.tibco.automation.common.testcases.Team_Members_Tests"/>
  <testcase name="ta_31" time="2.309" classname="org.tibco.automation.common.testcases.Team_Members_Tests"/>
  <testcase name="ta_31" time="2.287" classname="org.tibco.automation.common.testcases.Team_Members_Tests"/>
  <testcase name="ta_32" time="7.028" classname="org.tibco.automation.common.testcases.Team_Members_Tests"/>
  <testcase name="ta_32" time="3.376" classname="org.tibco.automation.common.testcases.Team_Members_Tests"/>
  <testcase name="ta_32" time="3.375" classname="org.tibco.automation.common.testcases.Team_Members_Tests"/>
  <testcase name="ta_33" time="2.48" classname="org.tibco.automation.common.testcases.Team_Members_Tests"/>
  <testcase name="ta_33" time="2.336" classname="org.tibco.automation.common.testcases.Team_Members_Tests"/>
  <testcase name="ta_33" time="2.685" classname="org.tibco.automation.common.testcases.Team_Members_Tests"/>
  <testcase name="ta_33" time="2.528" classname="org.tibco.automation.common.testcases.Team_Members_Tests"/>
  <testcase name="ta_33" time="2.315" classname="org.tibco.automation.common.testcases.Team_Members_Tests"/>
  <testcase name="ta_33" time="2.312" classname="org.tibco.automation.common.testcases.Team_Members_Tests"/>
  <testcase name="ta_34" time="13.529" classname="org.tibco.automation.common.testcases.Team_Members_Tests">
    <failure type="java.lang.AssertionError" message="null">
      <![CDATA[java.lang.AssertionError: nullat org.tibco.automation.common.testcases.Team_Members_Tests.ta_34(Team_Members_Tests.java:111)... Removed 27 stack frames]]>
    </failure>
  </testcase> <!-- ta_34 -->
  <testcase name="ta_34" time="2.55" classname="org.tibco.automation.common.testcases.Team_Members_Tests"/>
  <testcase name="ta_34" time="2.378" classname="org.tibco.automation.common.testcases.Team_Members_Tests"/>
</testsuite> <!-- tci1 -->
