<?xml version="1.0" encoding="UTF-8"?>
<!-- Generated by org.testng.reporters.JUnitReportReporter -->
<testsuite skipped="0" hostname="shhinduj-p51" name="org.tibco.automation.common.testcases.Creators_Tests" tests="20" failures="0" timestamp="28 Mar 2019 10:57:50 GMT" time="65.432" errors="0">
  <testcase name="tc_51" time="2.406" classname="org.tibco.automation.common.testcases.Creators_Tests"/>
  <testcase name="tc_51" time="2.324" classname="org.tibco.automation.common.testcases.Creators_Tests"/>
  <testcase name="tc_51" time="2.359" classname="org.tibco.automation.common.testcases.Creators_Tests"/>
  <testcase name="tc_51" time="2.392" classname="org.tibco.automation.common.testcases.Creators_Tests"/>
  <testcase name="tc_51" time="2.288" classname="org.tibco.automation.common.testcases.Creators_Tests"/>
  <testcase name="tc_51" time="2.261" classname="org.tibco.automation.common.testcases.Creators_Tests"/>
  <testcase name="tc_51" time="2.321" classname="org.tibco.automation.common.testcases.Creators_Tests"/>
  <testcase name="tc_51" time="2.341" classname="org.tibco.automation.common.testcases.Creators_Tests"/>
  <testcase name="tc_51" time="20.797" classname="org.tibco.automation.common.testcases.Creators_Tests"/>
  <testcase name="tc_51" time="2.474" classname="org.tibco.automation.common.testcases.Creators_Tests"/>
  <testcase name="tc_51" time="2.285" classname="org.tibco.automation.common.testcases.Creators_Tests"/>
  <testcase name="tc_51" time="2.437" classname="org.tibco.automation.common.testcases.Creators_Tests"/>
  <testcase name="tc_51" time="2.336" classname="org.tibco.automation.common.testcases.Creators_Tests"/>
  <testcase name="tc_51" time="2.331" classname="org.tibco.automation.common.testcases.Creators_Tests"/>
  <testcase name="tc_51" time="2.359" classname="org.tibco.automation.common.testcases.Creators_Tests"/>
  <testcase name="tc_51" time="2.321" classname="org.tibco.automation.common.testcases.Creators_Tests"/>
  <testcase name="tc_51" time="2.326" classname="org.tibco.automation.common.testcases.Creators_Tests"/>
  <testcase name="tc_51" time="2.395" classname="org.tibco.automation.common.testcases.Creators_Tests"/>
  <testcase name="tc_51" time="2.312" classname="org.tibco.automation.common.testcases.Creators_Tests"/>
  <testcase name="tc_51" time="2.367" classname="org.tibco.automation.common.testcases.Creators_Tests"/>
</testsuite> <!-- org.tibco.automation.common.testcases.Creators_Tests -->
